<?xml version="1.0" encoding="UTF-8"?>
<!-- Generated by org.testng.reporters.JUnitXMLReporter -->
<testsuite ignored="0" hostname="DESKTOP-EF30L3G" failures="0" tests="4" name="Test" time="0.119" errors="0" timestamp="2025-07-06T15:14:16 IST">
  <testcase classname="test.day1" name="Mailpage" time="0.016"/>
  <testcase classname="test.day1" name="Setup" time="0.003"/>
  <testcase classname="test.day2" name="Mailpage" time="0.003"/>
  <testcase classname="test.day2" name="Setup" time="0.002"/>
</testsuite> <!-- Test -->
