<?xml version="1.0" encoding="UTF-8"?>
<!-- Generated by org.testng.reporters.JUnitXMLReporter -->
<testsuite ignored="0" hostname="DESKTOP-EF30L3G" failures="0" tests="5" name="Car Loan" time="0.146" errors="0" timestamp="2025-07-08T14:49:19 IST">
  <testcase classname="test.day3" name="mobilelogincarloan" time="0.02"/>
  <testcase classname="test.day3" name="weblogincarloan" time="0.005"/>
  <testcase classname="test.day3" name="weblogincarloan" time="0.002"/>
  <testcase classname="test.day3" name="weblogincarloan" time="0.003"/>
  <testcase classname="test.day3" name="LoginAPiCarloan" time="0.003"/>
</testsuite> <!-- Car Loan -->
