<?xml version="1.0" encoding="UTF-8"?>
<!-- Generated by org.testng.reporters.JUnitXMLReporter -->
<testsuite ignored="0" hostname="DESKTOP-EF30L3G" failures="0" tests="3" name="Personal Loan" time="0.03" errors="0" timestamp="2025-07-08T14:49:20 IST">
  <testcase classname="test.day2" name="mobileloginhomeloan" time="0.004"/>
  <testcase classname="test.day2" name="webloginhomeloan" time="0.002"/>
  <testcase classname="test.day2" name="LoginAPihomeloan" time="0.002"/>
</testsuite> <!-- Personal Loan -->
