<?xml version="1.0" encoding="UTF-8"?>
<testng-results ignored="0" total="8" passed="8" failed="0" skipped="0">
  <reporter-output>
  </reporter-output>
  <suite started-at="2025-07-08T14:49:19 IST" name="Loan Department" finished-at="2025-07-08T14:49:20 IST" duration-ms="323">
    <groups>
      <group name="Smoke">
        <method signature="day2.webloginhomeloan()[pri:0, instance:test.day2@477b4cdf]" name="webloginhomeloan" class="test.day2"/>
      </group> <!-- Smoke -->
    </groups>
    <test started-at="2025-07-08T14:49:19 IST" name="Car Loan" finished-at="2025-07-08T14:49:19 IST" duration-ms="146">
      <class name="test.day3">
        <test-method signature="mobilelogincarloan(java.lang.String)[pri:0, instance:test.day3@67c27493]" started-at="2025-07-08T14:49:19 IST" name="mobilelogincarloan" finished-at="2025-07-08T14:49:19 IST" duration-ms="20" status="PASS">
          <params>
            <param index="0">
              <value>
                <![CDATA[qaclickacademy.com]]>
              </value>
            </param>
          </params>
          <reporter-output>
          </reporter-output>
        </test-method> <!-- mobilelogincarloan -->
        <test-method signature="weblogincarloan(java.lang.String,java.lang.String)[pri:0, instance:test.day3@67c27493]" started-at="2025-07-08T14:49:19 IST" name="weblogincarloan" data-provider="getdata" finished-at="2025-07-08T14:49:19 IST" duration-ms="5" status="PASS">
          <params>
            <param index="0">
              <value>
                <![CDATA[first user name]]>
              </value>
            </param>
            <param index="1">
              <value>
                <![CDATA[first password]]>
              </value>
            </param>
          </params>
          <reporter-output>
          </reporter-output>
        </test-method> <!-- weblogincarloan -->
        <test-method signature="weblogincarloan(java.lang.String,java.lang.String)[pri:0, instance:test.day3@67c27493]" started-at="2025-07-08T14:49:19 IST" name="weblogincarloan" data-provider="getdata" finished-at="2025-07-08T14:49:19 IST" duration-ms="2" status="PASS">
          <params>
            <param index="0">
              <value>
                <![CDATA[2 user name]]>
              </value>
            </param>
            <param index="1">
              <value>
                <![CDATA[2 password]]>
              </value>
            </param>
          </params>
          <reporter-output>
          </reporter-output>
        </test-method> <!-- weblogincarloan -->
        <test-method signature="weblogincarloan(java.lang.String,java.lang.String)[pri:0, instance:test.day3@67c27493]" started-at="2025-07-08T14:49:19 IST" name="weblogincarloan" data-provider="getdata" finished-at="2025-07-08T14:49:19 IST" duration-ms="3" status="PASS">
          <params>
            <param index="0">
              <value>
                <![CDATA[3 user name]]>
              </value>
            </param>
            <param index="1">
              <value>
                <![CDATA[3 password]]>
              </value>
            </param>
          </params>
          <reporter-output>
          </reporter-output>
        </test-method> <!-- weblogincarloan -->
        <test-method signature="LoginAPiCarloan()[pri:0, instance:test.day3@67c27493]" started-at="2025-07-08T14:49:19 IST" name="LoginAPiCarloan" finished-at="2025-07-08T14:49:19 IST" depends-on-methods="test.day3.weblogincarloan" duration-ms="3" status="PASS">
          <reporter-output>
          </reporter-output>
        </test-method> <!-- LoginAPiCarloan -->
      </class> <!-- test.day3 -->
    </test> <!-- Car Loan -->
    <test started-at="2025-07-08T14:49:20 IST" name="Personal Loan" finished-at="2025-07-08T14:49:20 IST" duration-ms="30">
      <class name="test.day2">
        <test-method signature="mobileloginhomeloan(java.lang.String,java.lang.String)[pri:0, instance:test.day2@477b4cdf]" started-at="2025-07-08T14:49:20 IST" name="mobileloginhomeloan" finished-at="2025-07-08T14:49:20 IST" duration-ms="4" status="PASS">
          <params>
            <param index="0">
              <value>
                <![CDATA[qaclickacademy.com]]>
              </value>
            </param>
            <param index="1">
              <value>
                <![CDATA[Hello User]]>
              </value>
            </param>
          </params>
          <reporter-output>
          </reporter-output>
        </test-method> <!-- mobileloginhomeloan -->
        <test-method signature="webloginhomeloan()[pri:0, instance:test.day2@477b4cdf]" started-at="2025-07-08T14:49:20 IST" name="webloginhomeloan" finished-at="2025-07-08T14:49:20 IST" duration-ms="2" status="PASS">
          <reporter-output>
          </reporter-output>
        </test-method> <!-- webloginhomeloan -->
        <test-method signature="LoginAPihomeloan()[pri:0, instance:test.day2@477b4cdf]" started-at="2025-07-08T14:49:20 IST" name="LoginAPihomeloan" finished-at="2025-07-08T14:49:20 IST" depends-on-methods="test.day2.webloginhomeloan" duration-ms="2" status="PASS">
          <reporter-output>
          </reporter-output>
        </test-method> <!-- LoginAPihomeloan -->
      </class> <!-- test.day2 -->
    </test> <!-- Personal Loan -->
  </suite> <!-- Loan Department -->
</testng-results>
